Build started 8/3/2014 9:45:04 PM.
     1>Project "G:\GMSTUDIO\GIT\GMOculus.gmx\DLL\GMOculus\GMOculus\GMOculus.vcxproj" on node 2 (build target(s)).
     1>InitializeBuildStatus:
         Touching "Release\GMOculus.unsuccessfulbuild".
       ClCompile:
         All outputs are up-to-date.
       Link:
         C:\Program Files (x86)\Microsoft Visual Studio 10.0\VC\bin\link.exe /ERRORREPORT:PROMPT /OUT:"G:\GMSTUDIO\GIT\GMOculus.gmx\DLL\GMOculus\Release\GMOculus.dll" /INCREMENTAL:NO /NOLOGO /LIBPATH:../../LibOVR/Lib/Win32/VS2010/ /LIBPATH:/Lib/x86 ws2_32.lib libovr.lib winmm.lib kernel32.lib user32.lib gdi32.lib winspool.lib comdlg32.lib advapi32.lib shell32.lib ole32.lib oleaut32.lib uuid.lib odbc32.lib odbccp32.lib /MANIFEST /ManifestFile:"Release\GMOculus.dll.intermediate.manifest" /MANIFESTUAC:"level='asInvoker' uiAccess='false'" /DEBUG /PDB:"G:\GMSTUDIO\GIT\GMOculus.gmx\DLL\GMOculus\Release\GMOculus.pdb" /SUBSYSTEM:WINDOWS /OPT:REF /OPT:ICF /LTCG /TLBID:1 /DYNAMICBASE /NXCOMPAT /IMPLIB:"G:\GMSTUDIO\GIT\GMOculus.gmx\DLL\GMOculus\Release\GMOculus.lib" /MACHINE:X86 /DLL Release\main.obj
            Creating library G:\GMSTUDIO\GIT\GMOculus.gmx\DLL\GMOculus\Release\GMOculus.lib and object G:\GMSTUDIO\GIT\GMOculus.gmx\DLL\GMOculus\Release\GMOculus.exp
         Generating code
         Finished generating code
         GMOculus.vcxproj -> G:\GMSTUDIO\GIT\GMOculus.gmx\DLL\GMOculus\Release\GMOculus.dll
       Manifest:
         C:\Program Files (x86)\Microsoft SDKs\Windows\v7.0A\bin\mt.exe /nologo /verbose /outputresource:"G:\GMSTUDIO\GIT\GMOculus.gmx\DLL\GMOculus\Release\GMOculus.dll;#2" /manifest Release\GMOculus.dll.intermediate.manifest
       FinalizeBuildStatus:
         Deleting file "Release\GMOculus.unsuccessfulbuild".
         Touching "Release\GMOculus.lastbuildstate".
     1>Done Building Project "G:\GMSTUDIO\GIT\GMOculus.gmx\DLL\GMOculus\GMOculus\GMOculus.vcxproj" (build target(s)).

Build succeeded.

Time Elapsed 00:00:01.44
